<?xml version="1.0" encoding="UTF-8"?>
<project xmlns="http://maven.apache.org/POM/4.0.0" xmlns:xsi="http://www.w3.org/2001/XMLSchema-instance"
         xsi:schemaLocation="http://maven.apache.org/POM/4.0.0 http://maven.apache.org/maven-v4_0_0.xsd ">
    <modelVersion>4.0.0</modelVersion>
    <groupId>junit</groupId>
    <artifactId>junit</artifactId>
    <version>@version@</version>
    <packaging>bundle</packaging>
    <name>JUnit</name>
    <url>http://junit.org</url>
    <description>
        JUnit is a regression testing framework written by Erich Gamma and Kent Beck.
        It is used by the developer who implements unit tests in Java.
    </description>
    <organization>
        <name>JUnit</name>
        <url>http://www.junit.org</url>
    </organization>
    <mailingLists>
        <mailingList>
            <name>JUnit Mailing List</name>
            <post>junit@yahoogroups.com</post>
            <archive>
                http://tech.groups.yahoo.com/group/junit/
            </archive>
        </mailingList>
    </mailingLists>
    <licenses>
        <license>
            <name>Common Public License Version 1.0</name>
            <url>http://www.opensource.org/licenses/cpl1.0.txt</url>
        </license>
    </licenses>
    <scm>
        <connection>scm:git:git://github.com/KentBeck/junit.git</connection>
        <developerConnection>scm:git:git@github.com:KentBeck/junit.git</developerConnection>
        <url>http://github.com/KentBeck/junit/tree/master</url>
    </scm>
    <developers>
      <developer>
        <id>dsaff</id>
        <name>David Saff</name>
        <email>david@saff.net</email>
      </developer>
    </developers>
    <build>
        <plugins>
            <plugin>
                <artifactId>maven-compiler-plugin</artifactId>
                <configuration>
                    <encoding>ISO-8859-1</encoding>
                    <source>${jdk.version}</source>
                    <target>${jdk.version}</target>
                </configuration>
            </plugin>
            <plugin>
                <groupId>org.apache.felix</groupId>
                <artifactId>maven-bundle-plugin</artifactId>
                <version>2.3.7</version>
                <extensions>true</extensions>
                <configuration>
                    <instructions>
                        <Bundle-SymbolicName>org.junit</Bundle-SymbolicName>
                        <Bundle-Name>${project.name}</Bundle-Name>
                        <Bundle-Version>${project.version}</Bundle-Version>
                        <Export-Package>org.hamcrest.*;version="${hamcrest.version}",junit.*;version="3.8.2",org.junit.*;version="${project.version}</Export-Package>
                        <Bundle-Description>${project.description}</Bundle-Description>
                        <Bundle-License>Common Public License Version 1.0</Bundle-License>
                        <Bundle-Vendor>${project.organization.name}</Bundle-Vendor>
                        <Bundle-DocURL>${project.organization.url}</Bundle-DocURL>
                    </instructions>
                </configuration>
            </plugin>
            <plugin>
                <artifactId>maven-surefire-plugin</artifactId>
                <configuration>
                    <test>org/junit/tests/AllTests.java</test>
                </configuration>
            </plugin>
        </plugins>
    </build>
    <dependencies>
        <dependency>
          <groupId>org.hamcrest</groupId>
          <artifactId>hamcrest-core</artifactId>
          <version>${hamcrest.version}</version>
          <scope>compile</scope>
        </dependency>
    </dependencies>
    <properties>
         <jdk.version>1.5</jdk.version>
        <hamcrest.version>1.1</hamcrest.version>
    </properties>
</project>